{"logTime": "0417/100258", "correlationVector":"iIwA4GV52ZeOYxV677lB4l.1","action":"SyncServerConnectionManagerRequest", "result":"SYNC_SERVER_OK", "context":{"environment":"Prod_southindia_prod-s01-004-apac-southindia", "migrationStage":"NotStarted", "server":"akswtt011000032"}}
{"logTime": "0417/100258", "correlationVector":"iIwA4GV52ZeOYxV677lB4l.2","action":"ProcessGetUpdates", "result":"Done", "context":{"dataType":"Encryption Keys", "deleted":"0", "process_failed_to_decrypt":"0", "process_pending_decryption":"0", "process_success":"1", "total":"1"}}
{"logTime": "0417/100259", "correlationVector":"ELT1EsxlrHwi2a4vmp+PYS","action":"SyncServerConnectionManagerRequest", "result":"SYNC_SERVER_OK", "context":{"environment":"", "migrationStage":"", "server":""}}
{"logTime": "0417/100259", "correlationVector":"ELT1EsxlrHwi2a4vmp+PYS.0","action":"EncryptionKeysFetcher.DownloadKeys:", "result":"Success", "context":Key count: 3, Last key timestamp: 2025-01-09T17:08:02Z}
{"logTime": "0417/100259", "correlationVector":"ELT1EsxlrHwi2a4vmp+PYS.1","action":"EncryptionKeysManager::SetEncryptionKeys:", "result":"Success", "context":Key names[3]:[6pA7wAbAD17lJgRe0WUriIwZd+sgGImxnm8XKu7mZVQjFEbceMda/KZotMu0dfWOMYgfzfRGb1R5V26aRl6z9g==][1xF0zvXpvciWw4kVV4O7YtxwD+Mq7Gzox8fNYOzyawufT5zjw2NPgHxvV/4cQXL0ZKrrbBk/jnH5byzYVTd0xg==][50AvmDCgeTIUt4ImXoSmKHXQe7bBwGgq7jnk3XrQCjQ8lwXAWO3w0Y8xVfve12hVBYA7tOVNlRmGSQD+eI54jA==]}
{"logTime": "0417/100259", "correlationVector":"ELT1EsxlrHwi2a4vmp+PYS.2","action":"EncryptionKeysManager::SetEncryptionKeysWithTimestamps:", "result":"Success", "context":Key timestamps[3]:[2023-12-30T16:28:26Z][2024-06-29T11:45:12Z][2025-01-09T17:08:02Z]}
{"logTime": "0417/100259", "correlationVector":"iIwA4GV52ZeOYxV677lB4l","action":"Initial GetUpdates", "result":"", "context":Reason: NEW_CLIENT. cV=iIwA4GV52ZeOYxV677lB4l}
{"logTime": "0417/100259", "correlationVector":"iIwA4GV52ZeOYxV677lB4l.3","action":"GetUpdates Response", "result":"Success", "context":Received 1 update(s). cV=iIwA4GV52ZeOYxV677lB4l.0;server=akswtt011000032;cloudType=Consumer;environment=Prod_southindia_prod-s01-004-apac-southindia;migrationStage=NotStarted}
{"logTime": "0417/100259", "correlationVector":"7GZ2FiJlGOXS9axeT29lQA","action":"Initial GetUpdates", "result":"", "context":Reason: NEWLY_SUPPORTED_DATATYPE. cV=7GZ2FiJlGOXS9axeT29lQA}
{"logTime": "0417/100259", "correlationVector":"7GZ2FiJlGOXS9axeT29lQA.1","action":"SyncServerConnectionManagerRequest", "result":"SYNC_SERVER_OK", "context":{"environment":"Prod_southindia_prod-s01-004-apac-southindia", "migrationStage":"NotStarted", "server":"akswtt01100000r"}}
{"logTime": "0417/100259", "correlationVector":"7GZ2FiJlGOXS9axeT29lQA.2","action":"ProcessGetUpdates", "result":"Done", "context":{"dataType":"Preferences", "deleted":"0", "process_failed_to_decrypt":"0", "process_pending_decryption":"0", "process_success":"66", "total":"66"}}
{"logTime": "0417/100259", "correlationVector":"7GZ2FiJlGOXS9axeT29lQA.3","action":"ProcessGetUpdates", "result":"Done", "context":{"dataType":"Passwords", "deleted":"0", "process_failed_to_decrypt":"0", "process_pending_decryption":"0", "process_success":"58", "total":"58"}}
{"logTime": "0417/100259", "correlationVector":"7GZ2FiJlGOXS9axeT29lQA.4","action":"ProcessGetUpdates", "result":"Done", "context":{"dataType":"Device Info", "deleted":"0", "process_failed_to_decrypt":"0", "process_pending_decryption":"0", "process_success":"5", "total":"5"}}
{"logTime": "0417/100259", "correlationVector":"7GZ2FiJlGOXS9axeT29lQA.5","action":"GetUpdates Response", "result":"Success", "context":Received 129 update(s). cV=7GZ2FiJlGOXS9axeT29lQA.0;server=akswtt01100000r;cloudType=Consumer;environment=Prod_southindia_prod-s01-004-apac-southindia;migrationStage=NotStarted}
{"logTime": "0417/100259", "correlationVector":"H+8BWzLVHS8OjNM0RMnvj8","action":"Initial GetUpdates", "result":"", "context":Reason: NEWLY_SUPPORTED_DATATYPE. cV=H+8BWzLVHS8OjNM0RMnvj8}
{"logTime": "0417/100300", "correlationVector":"H+8BWzLVHS8OjNM0RMnvj8.1","action":"SyncServerConnectionManagerRequest", "result":"SYNC_SERVER_OK", "context":{"environment":"Prod_southindia_prod-s01-004-apac-southindia", "migrationStage":"NotStarted", "server":"akswtt01100005e"}}
{"logTime": "0417/100300", "correlationVector":"H+8BWzLVHS8OjNM0RMnvj8.2","action":"ProcessGetUpdates", "result":"Done", "context":{"dataType":"Bookmarks", "deleted":"0", "process_failed_to_decrypt":"0", "process_pending_decryption":"0", "process_success":"14", "total":"14"}}
{"logTime": "0417/100300", "correlationVector":"H+8BWzLVHS8OjNM0RMnvj8.3","action":"GetUpdates Response", "result":"Success", "context":Received 14 update(s). cV=H+8BWzLVHS8OjNM0RMnvj8.0;server=akswtt01100005e;cloudType=Consumer;environment=Prod_southindia_prod-s01-004-apac-southindia;migrationStage=NotStarted}
{"logTime": "0417/100300", "correlationVector":"bC7a4tqckobeDbKZvo8xCR","action":"Initial GetUpdates", "result":"", "context":Reason: NEWLY_SUPPORTED_DATATYPE. cV=bC7a4tqckobeDbKZvo8xCR}
{"logTime": "0417/100300", "correlationVector":"bC7a4tqckobeDbKZvo8xCR.1","action":"SyncServerConnectionManagerRequest", "result":"SYNC_SERVER_OK", "context":{"environment":"Prod_southindia_prod-s01-004-apac-southindia", "migrationStage":"NotStarted", "server":"akswtt01100004y"}}
{"logTime": "0417/100300", "correlationVector":"bC7a4tqckobeDbKZvo8xCR.2","action":"ProcessGetUpdates", "result":"Done", "context":{"dataType":"Autofill Profiles", "deleted":"2", "process_failed_to_decrypt":"0", "process_pending_decryption":"0", "process_success":"6", "total":"6"}}
{"logTime": "0417/100300", "correlationVector":"bC7a4tqckobeDbKZvo8xCR.3","action":"ProcessGetUpdates", "result":"Done", "context":{"dataType":"Autofill", "deleted":"0", "process_failed_to_decrypt":"0", "process_pending_decryption":"0", "process_success":"32", "total":"32"}}
{"logTime": "0417/100300", "correlationVector":"bC7a4tqckobeDbKZvo8xCR.4","action":"ProcessGetUpdates", "result":"Done", "context":{"dataType":"Extensions", "deleted":"0", "process_failed_to_decrypt":"0", "process_pending_decryption":"0", "process_success":"4", "total":"4"}}
{"logTime": "0417/100300", "correlationVector":"bC7a4tqckobeDbKZvo8xCR.5","action":"ProcessGetUpdates", "result":"Done", "context":{"dataType":"Sessions", "deleted":"32", "process_failed_to_decrypt":"0", "process_pending_decryption":"0", "process_success":"36", "total":"36"}}
{"logTime": "0417/100300", "correlationVector":"bC7a4tqckobeDbKZvo8xCR.6","action":"ProcessGetUpdates", "result":"Done", "context":{"dataType":"Extension settings", "deleted":"0", "process_failed_to_decrypt":"0", "process_pending_decryption":"0", "process_success":"4", "total":"4"}}
{"logTime": "0417/100300", "correlationVector":"bC7a4tqckobeDbKZvo8xCR.7","action":"ProcessGetUpdates", "result":"Done", "context":{"dataType":"Edge Hub App Usage", "deleted":"25", "process_failed_to_decrypt":"0", "process_pending_decryption":"0", "process_success":"31", "total":"31"}}
{"logTime": "0417/100300", "correlationVector":"bC7a4tqckobeDbKZvo8xCR.8","action":"GetUpdates Response", "result":"Success", "context":Received 113 update(s). cV=bC7a4tqckobeDbKZvo8xCR.0;server=akswtt01100004y;cloudType=Consumer;environment=Prod_southindia_prod-s01-004-apac-southindia;migrationStage=NotStarted}
{"logTime": "0417/100300", "correlationVector":"5maI6Dgkdx15eqU1xtmtP9","action":"Initial GetUpdates", "result":"", "context":Reason: NEWLY_SUPPORTED_DATATYPE. cV=5maI6Dgkdx15eqU1xtmtP9}
{"logTime": "0417/100301", "correlationVector":"5maI6Dgkdx15eqU1xtmtP9.1","action":"SyncServerConnectionManagerRequest", "result":"SYNC_SERVER_OK", "context":{"environment":"Prod_southindia_prod-s01-004-apac-southindia", "migrationStage":"NotStarted", "server":"akswtt01100002j"}}
{"logTime": "0417/100301", "correlationVector":"5maI6Dgkdx15eqU1xtmtP9.2","action":"ProcessGetUpdates", "result":"Done", "context":{"dataType":"History", "deleted":"0", "process_failed_to_decrypt":"0", "process_pending_decryption":"0", "process_success":"41", "total":"41"}}
{"logTime": "0417/100301", "correlationVector":"5maI6Dgkdx15eqU1xtmtP9.3","action":"GetUpdates Response", "result":"Success", "context":Received 41 update(s). cV=5maI6Dgkdx15eqU1xtmtP9.0;server=akswtt01100002j;cloudType=Consumer;environment=Prod_southindia_prod-s01-004-apac-southindia;migrationStage=NotStarted}
{"logTime": "0417/100301", "correlationVector":"IQipnBjUV8h7Ar6UoBWm8A","action":"Normal GetUpdate request", "result":"", "context":cV=IQipnBjUV8h7Ar6UoBWm8A
Nudged types: Bookmarks, Sessions, Device Info, User Consents
Refresh requested types: Bookmarks, Preferences, Passwords, Autofill Profiles, Autofill, Extensions, Sessions, Extension settings, History Delete Directives, Device Info, User Consents, Send Tab To Self, Web Apps, History, Saved Tab Group, Collection, Edge E Drop, Edge Hub App Usage, Edge Tab Group, Edge Wallet, Encryption Keys}
{"logTime": "0417/100301", "correlationVector":"IQipnBjUV8h7Ar6UoBWm8A.1","action":"SyncServerConnectionManagerRequest", "result":"SYNC_SERVER_OK", "context":{"environment":"Prod_southindia_prod-s01-004-apac-southindia", "migrationStage":"NotStarted", "server":"akswtt01100001t"}}
{"logTime": "0417/100301", "correlationVector":"IQipnBjUV8h7Ar6UoBWm8A.2","action":"GetUpdates Response", "result":"Success", "context":Received 0 update(s). cV=IQipnBjUV8h7Ar6UoBWm8A.0;server=akswtt01100001t;cloudType=Consumer;environment=Prod_southindia_prod-s01-004-apac-southindia;migrationStage=NotStarted}
{"logTime": "0417/100301", "correlationVector":"yDlSDLbPIcmB1X+UtgSft9","action":"Commit Request", "result":"", "context":Item count: 5
Contributing types: Bookmarks, Sessions, Device Info, User Consents}
{"logTime": "0417/100302", "correlationVector":"yDlSDLbPIcmB1X+UtgSft9.1","action":"SyncServerConnectionManagerRequest", "result":"SYNC_SERVER_OK", "context":{"environment":"Prod_southindia_prod-s01-004-apac-southindia", "migrationStage":"NotStarted", "server":"akswtt011000012"}}
{"logTime": "0417/100302", "correlationVector":"yDlSDLbPIcmB1X+UtgSft9.2","action":"Commit Response", "result":"Success", "context":Result: Success. cV=yDlSDLbPIcmB1X+UtgSft9.0;server=akswtt011000012;cloudType=Consumer;environment=Prod_southindia_prod-s01-004-apac-southindia;migrationStage=NotStarted}
{"logTime": "0417/100308", "correlationVector":"63bGk5ig64jH6jUMlnU1lf","action":"Commit Request", "result":"", "context":Item count: 1
Contributing types: Preferences}
{"logTime": "0417/100308", "correlationVector":"63bGk5ig64jH6jUMlnU1lf.1","action":"SyncServerConnectionManagerRequest", "result":"SYNC_SERVER_OK", "context":{"environment":"Prod_southindia_prod-s01-004-apac-southindia", "migrationStage":"NotStarted", "server":"akswtt01100002w"}}
{"logTime": "0417/100308", "correlationVector":"63bGk5ig64jH6jUMlnU1lf.2","action":"Commit Response", "result":"Success", "context":Result: Success. cV=63bGk5ig64jH6jUMlnU1lf.0;server=akswtt01100002w;cloudType=Consumer;environment=Prod_southindia_prod-s01-004-apac-southindia;migrationStage=NotStarted}
{"logTime": "0417/100314", "correlationVector":"y43H7YjnTjC9ZenATK1Hx2","action":"Commit Request", "result":"", "context":Item count: 3
Contributing types: Sessions, User Consents, History}
{"logTime": "0417/100315", "correlationVector":"y43H7YjnTjC9ZenATK1Hx2.1","action":"SyncServerConnectionManagerRequest", "result":"SYNC_SERVER_OK", "context":{"environment":"Prod_southindia_prod-s01-004-apac-southindia", "migrationStage":"NotStarted", "server":"akswtt01100002u"}}
{"logTime": "0417/100315", "correlationVector":"y43H7YjnTjC9ZenATK1Hx2.2","action":"Commit Response", "result":"Success", "context":Result: Success. cV=y43H7YjnTjC9ZenATK1Hx2.0;server=akswtt01100002u;cloudType=Consumer;environment=Prod_southindia_prod-s01-004-apac-southindia;migrationStage=NotStarted}
{"logTime": "0417/111335", "correlationVector":"1KIw/YgjiZFayD3pkpWqir.1","action":"SyncServerConnectionManagerRequest", "result":"SYNC_SERVER_OK", "context":{"environment":"Prod_southindia_prod-s01-004-apac-southindia", "migrationStage":"NotStarted", "server":"akswtt01100004z"}}
{"logTime": "0417/111335", "correlationVector":"1KIw/YgjiZFayD3pkpWqir.2","action":"ProcessGetUpdates", "result":"Done", "context":{"dataType":"Encryption Keys", "deleted":"0", "process_failed_to_decrypt":"0", "process_pending_decryption":"0", "process_success":"1", "total":"1"}}
{"logTime": "0417/111335", "correlationVector":"FNBcHvQMwuwGNE7OX2gcC7","action":"SyncServerConnectionManagerRequest", "result":"SYNC_SERVER_OK", "context":{"environment":"", "migrationStage":"", "server":""}}
{"logTime": "0417/111335", "correlationVector":"FNBcHvQMwuwGNE7OX2gcC7.0","action":"EncryptionKeysFetcher.DownloadKeys:", "result":"Success", "context":Key count: 3, Last key timestamp: 2025-01-09T17:08:02Z}
{"logTime": "0417/111335", "correlationVector":"FNBcHvQMwuwGNE7OX2gcC7.1","action":"EncryptionKeysManager::SetEncryptionKeys:", "result":"Success", "context":Key names[3]:[6pA7wAbAD17lJgRe0WUriIwZd+sgGImxnm8XKu7mZVQjFEbceMda/KZotMu0dfWOMYgfzfRGb1R5V26aRl6z9g==][1xF0zvXpvciWw4kVV4O7YtxwD+Mq7Gzox8fNYOzyawufT5zjw2NPgHxvV/4cQXL0ZKrrbBk/jnH5byzYVTd0xg==][50AvmDCgeTIUt4ImXoSmKHXQe7bBwGgq7jnk3XrQCjQ8lwXAWO3w0Y8xVfve12hVBYA7tOVNlRmGSQD+eI54jA==]}
{"logTime": "0417/111335", "correlationVector":"FNBcHvQMwuwGNE7OX2gcC7.2","action":"EncryptionKeysManager::SetEncryptionKeysWithTimestamps:", "result":"Success", "context":Key timestamps[3]:[2023-12-30T16:28:26Z][2024-06-29T11:45:12Z][2025-01-09T17:08:02Z]}
{"logTime": "0417/111335", "correlationVector":"1KIw/YgjiZFayD3pkpWqir","action":"Initial GetUpdates", "result":"", "context":Reason: NEW_CLIENT. cV=1KIw/YgjiZFayD3pkpWqir}
{"logTime": "0417/111335", "correlationVector":"1KIw/YgjiZFayD3pkpWqir.3","action":"GetUpdates Response", "result":"Success", "context":Received 1 update(s). cV=1KIw/YgjiZFayD3pkpWqir.0;server=akswtt01100004z;cloudType=Consumer;environment=Prod_southindia_prod-s01-004-apac-southindia;migrationStage=NotStarted}
{"logTime": "0417/111335", "correlationVector":"0e79uuKPiYP1monYs5lK7k","action":"Initial GetUpdates", "result":"", "context":Reason: NEWLY_SUPPORTED_DATATYPE. cV=0e79uuKPiYP1monYs5lK7k}
{"logTime": "0417/111336", "correlationVector":"0e79uuKPiYP1monYs5lK7k.1","action":"SyncServerConnectionManagerRequest", "result":"SYNC_SERVER_OK", "context":{"environment":"Prod_southindia_prod-s01-004-apac-southindia", "migrationStage":"NotStarted", "server":"akswtt01100001x"}}
{"logTime": "0417/111336", "correlationVector":"0e79uuKPiYP1monYs5lK7k.2","action":"ProcessGetUpdates", "result":"Done", "context":{"dataType":"Passwords", "deleted":"0", "process_failed_to_decrypt":"0", "process_pending_decryption":"0", "process_success":"58", "total":"58"}}
{"logTime": "0417/111336", "correlationVector":"0e79uuKPiYP1monYs5lK7k.3","action":"GetUpdates Response", "result":"Success", "context":Received 58 update(s). cV=0e79uuKPiYP1monYs5lK7k.0;server=akswtt01100001x;cloudType=Consumer;environment=Prod_southindia_prod-s01-004-apac-southindia;migrationStage=NotStarted}
{"logTime": "0417/111336", "correlationVector":"eiqSTaqrblUBckJcaeleP2","action":"Normal GetUpdate request", "result":"", "context":cV=eiqSTaqrblUBckJcaeleP2
Nudged types: Sessions, History
Refresh requested types: Bookmarks, Preferences, Passwords, Autofill Profiles, Autofill, Extensions, Sessions, Extension settings, History Delete Directives, Device Info, User Consents, Send Tab To Self, Web Apps, History, Saved Tab Group, Collection, Edge E Drop, Edge Hub App Usage, Edge Tab Group, Edge Wallet, Encryption Keys}
{"logTime": "0417/111336", "correlationVector":"eiqSTaqrblUBckJcaeleP2.1","action":"SyncServerConnectionManagerRequest", "result":"SYNC_SERVER_OK", "context":{"environment":"Prod_southindia_prod-s01-004-apac-southindia", "migrationStage":"NotStarted", "server":"akswtt01100004z"}}
{"logTime": "0417/111336", "correlationVector":"eiqSTaqrblUBckJcaeleP2.2","action":"ProcessGetUpdates", "result":"Done", "context":{"dataType":"Bookmarks", "deleted":"0", "process_failed_to_decrypt":"0", "process_pending_decryption":"0", "process_success":"1", "total":"1"}}
{"logTime": "0417/111336", "correlationVector":"eiqSTaqrblUBckJcaeleP2.3","action":"ProcessGetUpdates", "result":"Done", "context":{"dataType":"Preferences", "deleted":"0", "process_failed_to_decrypt":"0", "process_pending_decryption":"0", "process_success":"1", "total":"1"}}
{"logTime": "0417/111336", "correlationVector":"eiqSTaqrblUBckJcaeleP2.4","action":"ProcessGetUpdates", "result":"Done", "context":{"dataType":"Sessions", "deleted":"0", "process_failed_to_decrypt":"0", "process_pending_decryption":"0", "process_success":"2", "total":"2"}}
{"logTime": "0417/111336", "correlationVector":"eiqSTaqrblUBckJcaeleP2.5","action":"ProcessGetUpdates", "result":"Done", "context":{"dataType":"Device Info", "deleted":"0", "process_failed_to_decrypt":"0", "process_pending_decryption":"0", "process_success":"1", "total":"1"}}
{"logTime": "0417/111336", "correlationVector":"eiqSTaqrblUBckJcaeleP2.6","action":"ProcessGetUpdates", "result":"Done", "context":{"dataType":"History", "deleted":"0", "process_failed_to_decrypt":"0", "process_pending_decryption":"0", "process_success":"1", "total":"1"}}
{"logTime": "0417/111336", "correlationVector":"eiqSTaqrblUBckJcaeleP2.7","action":"GetUpdates Response", "result":"Success", "context":Received 6 update(s). cV=eiqSTaqrblUBckJcaeleP2.0;server=akswtt01100004z;cloudType=Consumer;environment=Prod_southindia_prod-s01-004-apac-southindia;migrationStage=NotStarted}
{"logTime": "0417/111336", "correlationVector":"Trag49MlH6s2Qwb6ZCwAEz","action":"Commit Request", "result":"", "context":Item count: 5
Contributing types: Autofill Profiles, Sessions, History}
{"logTime": "0417/111337", "correlationVector":"Trag49MlH6s2Qwb6ZCwAEz.1","action":"SyncServerConnectionManagerRequest", "result":"SYNC_SERVER_OK", "context":{"environment":"Prod_southindia_prod-s01-004-apac-southindia", "migrationStage":"NotStarted", "server":"akswtt01100001x"}}
{"logTime": "0417/111337", "correlationVector":"Trag49MlH6s2Qwb6ZCwAEz.2","action":"Commit Response", "result":"Success", "context":Result: Success. cV=Trag49MlH6s2Qwb6ZCwAEz.0;server=akswtt01100001x;cloudType=Consumer;environment=Prod_southindia_prod-s01-004-apac-southindia;migrationStage=NotStarted}
{"logTime": "0417/111337", "correlationVector":"Trag49MlH6s2Qwb6ZCwAEz.3","action":"Commit.Autofill Profiles", "result":"Success", "context":{"id":"89700758-1963-4bc9-8fc4-3abd772e59c1", "isDeleted":"true", "size":"0", "version":"1736442489799"}}
{"logTime": "0417/111337", "correlationVector":"Trag49MlH6s2Qwb6ZCwAEz.4","action":"Commit.Sessions", "result":"Success", "context":{"id":"360c50ff-bce7-4266-a14f-d71e1090f752", "isDeleted":"true", "size":"0", "version":"1744884197765"}}
{"logTime": "0417/111342", "correlationVector":"/+m0VK4NHXNVWb40HL2hRF","action":"Commit Request", "result":"", "context":Item count: 1
Contributing types: Preferences}
{"logTime": "0417/111343", "correlationVector":"/+m0VK4NHXNVWb40HL2hRF.1","action":"SyncServerConnectionManagerRequest", "result":"SYNC_SERVER_OK", "context":{"environment":"Prod_southindia_prod-s01-004-apac-southindia", "migrationStage":"NotStarted", "server":"akswtt01100001o"}}
{"logTime": "0417/111343", "correlationVector":"/+m0VK4NHXNVWb40HL2hRF.2","action":"Commit Response", "result":"Success", "context":Result: Success. cV=/+m0VK4NHXNVWb40HL2hRF.0;server=akswtt01100001o;cloudType=Consumer;environment=Prod_southindia_prod-s01-004-apac-southindia;migrationStage=NotStarted}
{"logTime": "0417/111404", "correlationVector":"4z9P8WD1c/TB+Y+dM/M6Vc","action":"Commit Request", "result":"", "context":Item count: 1
Contributing types: Preferences}
{"logTime": "0417/111405", "correlationVector":"4z9P8WD1c/TB+Y+dM/M6Vc.1","action":"SyncServerConnectionManagerRequest", "result":"SYNC_SERVER_OK", "context":{"environment":"Prod_southindia_prod-s01-004-apac-southindia", "migrationStage":"NotStarted", "server":"akswtt01100001a"}}
{"logTime": "0417/111405", "correlationVector":"4z9P8WD1c/TB+Y+dM/M6Vc.2","action":"Commit Response", "result":"Success", "context":Result: Success. cV=4z9P8WD1c/TB+Y+dM/M6Vc.0;server=akswtt01100001a;cloudType=Consumer;environment=Prod_southindia_prod-s01-004-apac-southindia;migrationStage=NotStarted}
{"logTime": "0417/111650", "correlationVector":"VTnqegA/mg406NGDbb/5WV.1","action":"SyncServerConnectionManagerRequest", "result":"SYNC_SERVER_OK", "context":{"environment":"Prod_southeastasia_prod-s01-065-apac-southeastasia", "migrationStage":"NotStarted", "server":"akswtt00600005d"}}
{"logTime": "0417/111650", "correlationVector":"VTnqegA/mg406NGDbb/5WV.2","action":"ProcessGetUpdates", "result":"Done", "context":{"dataType":"Encryption Keys", "deleted":"0", "process_failed_to_decrypt":"0", "process_pending_decryption":"0", "process_success":"1", "total":"1"}}
{"logTime": "0417/111650", "correlationVector":"GibXlkvfmna6ODqYL/Wj9a","action":"SyncServerConnectionManagerRequest", "result":"SYNC_SERVER_OK", "context":{"environment":"", "migrationStage":"", "server":""}}
{"logTime": "0417/111650", "correlationVector":"GibXlkvfmna6ODqYL/Wj9a.0","action":"EncryptionKeysFetcher.DownloadKeys:", "result":"Success", "context":Key count: 3, Last key timestamp: 2025-01-09T17:08:02Z}
{"logTime": "0417/111650", "correlationVector":"GibXlkvfmna6ODqYL/Wj9a.1","action":"EncryptionKeysManager::SetEncryptionKeys:", "result":"Success", "context":Key names[3]:[6pA7wAbAD17lJgRe0WUriIwZd+sgGImxnm8XKu7mZVQjFEbceMda/KZotMu0dfWOMYgfzfRGb1R5V26aRl6z9g==][1xF0zvXpvciWw4kVV4O7YtxwD+Mq7Gzox8fNYOzyawufT5zjw2NPgHxvV/4cQXL0ZKrrbBk/jnH5byzYVTd0xg==][50AvmDCgeTIUt4ImXoSmKHXQe7bBwGgq7jnk3XrQCjQ8lwXAWO3w0Y8xVfve12hVBYA7tOVNlRmGSQD+eI54jA==]}
{"logTime": "0417/111650", "correlationVector":"GibXlkvfmna6ODqYL/Wj9a.2","action":"EncryptionKeysManager::SetEncryptionKeysWithTimestamps:", "result":"Success", "context":Key timestamps[3]:[2023-12-30T16:28:26Z][2024-06-29T11:45:12Z][2025-01-09T17:08:02Z]}
{"logTime": "0417/111650", "correlationVector":"VTnqegA/mg406NGDbb/5WV","action":"Initial GetUpdates", "result":"", "context":Reason: NEW_CLIENT. cV=VTnqegA/mg406NGDbb/5WV}
{"logTime": "0417/111650", "correlationVector":"VTnqegA/mg406NGDbb/5WV.3","action":"GetUpdates Response", "result":"Success", "context":Received 1 update(s). cV=VTnqegA/mg406NGDbb/5WV.0;server=akswtt00600005d;cloudType=Consumer;environment=Prod_southeastasia_prod-s01-065-apac-southeastasia;migrationStage=NotStarted}
{"logTime": "0417/111650", "correlationVector":"y23tj1l9ruBHwcsrkIGQYk","action":"Initial GetUpdates", "result":"", "context":Reason: NEWLY_SUPPORTED_DATATYPE. cV=y23tj1l9ruBHwcsrkIGQYk}
{"logTime": "0417/111651", "correlationVector":"y23tj1l9ruBHwcsrkIGQYk.1","action":"SyncServerConnectionManagerRequest", "result":"SYNC_SERVER_OK", "context":{"environment":"Prod_southindia_prod-s01-004-apac-southindia", "migrationStage":"NotStarted", "server":"akswtt011000018"}}
{"logTime": "0417/111651", "correlationVector":"y23tj1l9ruBHwcsrkIGQYk.2","action":"ProcessGetUpdates", "result":"Done", "context":{"dataType":"Passwords", "deleted":"0", "process_failed_to_decrypt":"0", "process_pending_decryption":"0", "process_success":"58", "total":"58"}}
{"logTime": "0417/111651", "correlationVector":"y23tj1l9ruBHwcsrkIGQYk.3","action":"GetUpdates Response", "result":"Success", "context":Received 58 update(s). cV=y23tj1l9ruBHwcsrkIGQYk.0;server=akswtt011000018;cloudType=Consumer;environment=Prod_southindia_prod-s01-004-apac-southindia;migrationStage=NotStarted}
{"logTime": "0417/111651", "correlationVector":"oPHazDO1yIz4pMxOm9BnoR","action":"Normal GetUpdate request", "result":"", "context":cV=oPHazDO1yIz4pMxOm9BnoR
Nudged types: Sessions, Device Info, History
Refresh requested types: Bookmarks, Preferences, Passwords, Autofill Profiles, Autofill, Extensions, Sessions, Extension settings, History Delete Directives, Device Info, User Consents, Send Tab To Self, Web Apps, History, Saved Tab Group, Collection, Edge E Drop, Edge Hub App Usage, Edge Tab Group, Edge Wallet, Encryption Keys}
{"logTime": "0417/111651", "correlationVector":"oPHazDO1yIz4pMxOm9BnoR.1","action":"SyncServerConnectionManagerRequest", "result":"SYNC_SERVER_OK", "context":{"environment":"Prod_southindia_prod-s01-004-apac-southindia", "migrationStage":"NotStarted", "server":"akswtt01100001y"}}
{"logTime": "0417/111651", "correlationVector":"oPHazDO1yIz4pMxOm9BnoR.2","action":"ProcessGetUpdates", "result":"Done", "context":{"dataType":"Preferences", "deleted":"0", "process_failed_to_decrypt":"0", "process_pending_decryption":"0", "process_success":"2", "total":"2"}}
{"logTime": "0417/111651", "correlationVector":"oPHazDO1yIz4pMxOm9BnoR.3","action":"ProcessGetUpdates", "result":"Done", "context":{"dataType":"Autofill Profiles", "deleted":"1", "process_failed_to_decrypt":"0", "process_pending_decryption":"0", "process_success":"1", "total":"1"}}
{"logTime": "0417/111651", "correlationVector":"oPHazDO1yIz4pMxOm9BnoR.4","action":"ProcessGetUpdates", "result":"Done", "context":{"dataType":"Sessions", "deleted":"1", "process_failed_to_decrypt":"0", "process_pending_decryption":"0", "process_success":"3", "total":"3"}}
{"logTime": "0417/111651", "correlationVector":"oPHazDO1yIz4pMxOm9BnoR.5","action":"ProcessGetUpdates", "result":"Done", "context":{"dataType":"History", "deleted":"0", "process_failed_to_decrypt":"0", "process_pending_decryption":"0", "process_success":"1", "total":"1"}}
{"logTime": "0417/111651", "correlationVector":"oPHazDO1yIz4pMxOm9BnoR.6","action":"GetUpdates Response", "result":"Success", "context":Received 7 update(s). cV=oPHazDO1yIz4pMxOm9BnoR.0;server=akswtt01100001y;cloudType=Consumer;environment=Prod_southindia_prod-s01-004-apac-southindia;migrationStage=NotStarted}
{"logTime": "0417/111651", "correlationVector":"uqnp7moUMjvNCH5h2i9uQh","action":"Commit Request", "result":"", "context":Item count: 6
Contributing types: Sessions, Device Info, History}
{"logTime": "0417/111652", "correlationVector":"uqnp7moUMjvNCH5h2i9uQh.1","action":"SyncServerConnectionManagerRequest", "result":"SYNC_SERVER_OK", "context":{"environment":"Prod_southindia_prod-s01-004-apac-southindia", "migrationStage":"NotStarted", "server":"akswtt01100002j"}}
{"logTime": "0417/111652", "correlationVector":"uqnp7moUMjvNCH5h2i9uQh.2","action":"Commit Response", "result":"Success", "context":Result: Success. cV=uqnp7moUMjvNCH5h2i9uQh.0;server=akswtt01100002j;cloudType=Consumer;environment=Prod_southindia_prod-s01-004-apac-southindia;migrationStage=NotStarted}
{"logTime": "0417/111657", "correlationVector":"aws3p457m3ii3/RYZ9Bhp2","action":"Commit Request", "result":"", "context":Item count: 1
Contributing types: Preferences}
{"logTime": "0417/111658", "correlationVector":"aws3p457m3ii3/RYZ9Bhp2.1","action":"SyncServerConnectionManagerRequest", "result":"SYNC_SERVER_OK", "context":{"environment":"Prod_southindia_prod-s01-004-apac-southindia", "migrationStage":"NotStarted", "server":"akswtt01100002j"}}
{"logTime": "0417/111658", "correlationVector":"aws3p457m3ii3/RYZ9Bhp2.2","action":"Commit Response", "result":"Success", "context":Result: Success. cV=aws3p457m3ii3/RYZ9Bhp2.0;server=akswtt01100002j;cloudType=Consumer;environment=Prod_southindia_prod-s01-004-apac-southindia;migrationStage=NotStarted}
